20:37:54 **** Incremental Build of configuration Debug for project desha ****
make all 
Building file: ../desha.c
Invoking: AVR Compiler
avr-gcc -Wall -g2 -gstabs -O0 -fpack-struct -fshort-enums -ffunction-sections -fdata-sections -std=gnu99 -funsigned-char -funsigned-bitfields -mmcu=atmega16 -DF_CPU=1000000UL -MMD -MP -MF"desha.d" -MT"desha.o" -c -o "desha.o" "../desha.c"
In file included from ../desha.c:9:
c:/winavr-20100110/lib/gcc/../../avr/include/util/delay.h:90:3: warning: #warning "Compiler optimizations disabled; functions from <util/delay.h> won't work as designed"
Finished building: ../desha.c
 
Building target: desha.elf
Invoking: AVR C Linker
avr-gcc -Wl,-Map,desha.map -mmcu=atmega16 -o "desha.elf"  ./desha.o   
Finished building target: desha.elf
 
Invoking: AVR Create Extended Listing
avr-objdump -h -S desha.elf  >"desha.lss"
Finished building: desha.lss
 
Invoking: Print Size
avr-size --format=avr --mcu=atmega16 desha.elf
AVR Memory Usage
----------------
Device: atmega16

Program:    7344 bytes (44.8% Full)
(.text + .data + .bootloader)

Data:         14 bytes (1.4% Full)
(.data + .bss + .noinit)


Finished building: sizedummy
 

20:37:55 Build Finished. 0 errors, 1 warnings. (took 739ms)

